Analysis & Synthesis report for hw_circuit
Tue Mar 21 17:15:57 2023
Quartus II 64-Bit Version 13.0.1 Build 232 06/12/2013 Service Pack 1 SJ Full Version


---------------------
; Table of Contents ;
---------------------
  1. Legal Notice
  2. Analysis & Synthesis Summary
  3. Analysis & Synthesis Settings
  4. Parallel Compilation
  5. Analysis & Synthesis Source Files Read
  6. Analysis & Synthesis Resource Usage Summary
  7. Analysis & Synthesis Resource Utilization by Entity
  8. General Register Statistics
  9. Elapsed Time Per Partition
 10. Analysis & Synthesis Messages



----------------
; Legal Notice ;
----------------
Copyright (C) 1991-2013 Altera Corporation
Your use of Altera Corporation's design tools, logic functions 
and other software and tools, and its AMPP partner logic 
functions, and any output files from any of the foregoing 
(including device programming or simulation files), and any 
associated documentation or information are expressly subject 
to the terms and conditions of the Altera Program License 
Subscription Agreement, Altera MegaCore Function License 
Agreement, or other applicable license agreement, including, 
without limitation, that your use is for the sole purpose of 
programming logic devices manufactured by Altera and sold by 
Altera or its authorized distributors.  Please refer to the 
applicable agreement for further details.



+---------------------------------------------------------------------------------------+
; Analysis & Synthesis Summary                                                          ;
+------------------------------------+--------------------------------------------------+
; Analysis & Synthesis Status        ; Successful - Tue Mar 21 17:15:57 2023            ;
; Quartus II 64-Bit Version          ; 13.0.1 Build 232 06/12/2013 SP 1 SJ Full Version ;
; Revision Name                      ; hw_circuit                                       ;
; Top-level Entity Name              ; counter                                          ;
; Family                             ; Cyclone IV GX                                    ;
; Total logic elements               ; 30                                               ;
;     Total combinational functions  ; 30                                               ;
;     Dedicated logic registers      ; 23                                               ;
; Total registers                    ; 23                                               ;
; Total pins                         ; 8                                                ;
; Total virtual pins                 ; 0                                                ;
; Total memory bits                  ; 0                                                ;
; Embedded Multiplier 9-bit elements ; 0                                                ;
; Total GXB Receiver Channel PCS     ; 0                                                ;
; Total GXB Receiver Channel PMA     ; 0                                                ;
; Total GXB Transmitter Channel PCS  ; 0                                                ;
; Total GXB Transmitter Channel PMA  ; 0                                                ;
; Total PLLs                         ; 0                                                ;
+------------------------------------+--------------------------------------------------+


+----------------------------------------------------------------------------------------------------------------------+
; Analysis & Synthesis Settings                                                                                        ;
+----------------------------------------------------------------------------+--------------------+--------------------+
; Option                                                                     ; Setting            ; Default Value      ;
+----------------------------------------------------------------------------+--------------------+--------------------+
; Top-level entity name                                                      ; counter            ; hw_circuit         ;
; Family name                                                                ; Cyclone IV GX      ; Cyclone IV GX      ;
; Use smart compilation                                                      ; Off                ; Off                ;
; Enable parallel Assembler and TimeQuest Timing Analyzer during compilation ; On                 ; On                 ;
; Enable compact report table                                                ; Off                ; Off                ;
; Restructure Multiplexers                                                   ; Auto               ; Auto               ;
; Create Debugging Nodes for IP Cores                                        ; Off                ; Off                ;
; Preserve fewer node names                                                  ; On                 ; On                 ;
; Disable OpenCore Plus hardware evaluation                                  ; Off                ; Off                ;
; Verilog Version                                                            ; Verilog_2001       ; Verilog_2001       ;
; VHDL Version                                                               ; VHDL_1993          ; VHDL_1993          ;
; State Machine Processing                                                   ; Auto               ; Auto               ;
; Safe State Machine                                                         ; Off                ; Off                ;
; Extract Verilog State Machines                                             ; On                 ; On                 ;
; Extract VHDL State Machines                                                ; On                 ; On                 ;
; Ignore Verilog initial constructs                                          ; Off                ; Off                ;
; Iteration limit for constant Verilog loops                                 ; 5000               ; 5000               ;
; Iteration limit for non-constant Verilog loops                             ; 250                ; 250                ;
; Add Pass-Through Logic to Inferred RAMs                                    ; On                 ; On                 ;
; Infer RAMs from Raw Logic                                                  ; On                 ; On                 ;
; Parallel Synthesis                                                         ; On                 ; On                 ;
; DSP Block Balancing                                                        ; Auto               ; Auto               ;
; NOT Gate Push-Back                                                         ; On                 ; On                 ;
; Power-Up Don't Care                                                        ; On                 ; On                 ;
; Remove Redundant Logic Cells                                               ; Off                ; Off                ;
; Remove Duplicate Registers                                                 ; On                 ; On                 ;
; Ignore CARRY Buffers                                                       ; Off                ; Off                ;
; Ignore CASCADE Buffers                                                     ; Off                ; Off                ;
; Ignore GLOBAL Buffers                                                      ; Off                ; Off                ;
; Ignore ROW GLOBAL Buffers                                                  ; Off                ; Off                ;
; Ignore LCELL Buffers                                                       ; Off                ; Off                ;
; Ignore SOFT Buffers                                                        ; On                 ; On                 ;
; Limit AHDL Integers to 32 Bits                                             ; Off                ; Off                ;
; Optimization Technique                                                     ; Balanced           ; Balanced           ;
; Carry Chain Length                                                         ; 70                 ; 70                 ;
; Auto Carry Chains                                                          ; On                 ; On                 ;
; Auto Open-Drain Pins                                                       ; On                 ; On                 ;
; Perform WYSIWYG Primitive Resynthesis                                      ; Off                ; Off                ;
; Auto ROM Replacement                                                       ; On                 ; On                 ;
; Auto RAM Replacement                                                       ; On                 ; On                 ;
; Auto DSP Block Replacement                                                 ; On                 ; On                 ;
; Auto Shift Register Replacement                                            ; Auto               ; Auto               ;
; Allow Shift Register Merging across Hierarchies                            ; Auto               ; Auto               ;
; Auto Clock Enable Replacement                                              ; On                 ; On                 ;
; Strict RAM Replacement                                                     ; Off                ; Off                ;
; Allow Synchronous Control Signals                                          ; On                 ; On                 ;
; Force Use of Synchronous Clear Signals                                     ; Off                ; Off                ;
; Auto RAM Block Balancing                                                   ; On                 ; On                 ;
; Auto RAM to Logic Cell Conversion                                          ; Off                ; Off                ;
; Auto Resource Sharing                                                      ; Off                ; Off                ;
; Allow Any RAM Size For Recognition                                         ; Off                ; Off                ;
; Allow Any ROM Size For Recognition                                         ; Off                ; Off                ;
; Allow Any Shift Register Size For Recognition                              ; Off                ; Off                ;
; Use LogicLock Constraints during Resource Balancing                        ; On                 ; On                 ;
; Ignore translate_off and synthesis_off directives                          ; Off                ; Off                ;
; Timing-Driven Synthesis                                                    ; On                 ; On                 ;
; Report Parameter Settings                                                  ; On                 ; On                 ;
; Report Source Assignments                                                  ; On                 ; On                 ;
; Report Connectivity Checks                                                 ; On                 ; On                 ;
; Ignore Maximum Fan-Out Assignments                                         ; Off                ; Off                ;
; Synchronization Register Chain Length                                      ; 2                  ; 2                  ;
; PowerPlay Power Optimization                                               ; Normal compilation ; Normal compilation ;
; HDL message level                                                          ; Level2             ; Level2             ;
; Suppress Register Optimization Related Messages                            ; Off                ; Off                ;
; Number of Removed Registers Reported in Synthesis Report                   ; 5000               ; 5000               ;
; Number of Swept Nodes Reported in Synthesis Report                         ; 5000               ; 5000               ;
; Number of Inverted Registers Reported in Synthesis Report                  ; 100                ; 100                ;
; Clock MUX Protection                                                       ; On                 ; On                 ;
; Auto Gated Clock Conversion                                                ; Off                ; Off                ;
; Block Design Naming                                                        ; Auto               ; Auto               ;
; SDC constraint protection                                                  ; Off                ; Off                ;
; Synthesis Effort                                                           ; Auto               ; Auto               ;
; Shift Register Replacement - Allow Asynchronous Clear Signal               ; On                 ; On                 ;
; Pre-Mapping Resynthesis Optimization                                       ; Off                ; Off                ;
; Analysis & Synthesis Message Level                                         ; Medium             ; Medium             ;
; Disable Register Merging Across Hierarchies                                ; Auto               ; Auto               ;
; Resource Aware Inference For Block RAM                                     ; On                 ; On                 ;
; Synthesis Seed                                                             ; 1                  ; 1                  ;
+----------------------------------------------------------------------------+--------------------+--------------------+


+------------------------------------------+
; Parallel Compilation                     ;
+----------------------------+-------------+
; Processors                 ; Number      ;
+----------------------------+-------------+
; Number detected on machine ; 12          ;
; Maximum allowed            ; 12          ;
;                            ;             ;
; Average used               ; 1.00        ;
; Maximum used               ; 1           ;
;                            ;             ;
; Usage by Processor         ; % Time Used ;
;     Processor 1            ; 100.0%      ;
;     Processors 2-12        ;   0.0%      ;
+----------------------------+-------------+


+--------------------------------------------------------------------------------------------------------------------------------------+
; Analysis & Synthesis Source Files Read                                                                                               ;
+----------------------------------+-----------------+------------------------------------+----------------------------------+---------+
; File Name with User-Entered Path ; Used in Netlist ; File Type                          ; File Name with Absolute Path     ; Library ;
+----------------------------------+-----------------+------------------------------------+----------------------------------+---------+
; decoder_20L274.bdf               ; yes             ; User Block Diagram/Schematic File  ; D:/hw_circuit/decoder_20L274.bdf ;         ;
; CNT.bdf                          ; yes             ; User Block Diagram/Schematic File  ; D:/hw_circuit/CNT.bdf            ;         ;
; counter.bdf                      ; yes             ; User Block Diagram/Schematic File  ; D:/hw_circuit/counter.bdf        ;         ;
; A.bdf                            ; yes             ; User Block Diagram/Schematic File  ; D:/hw_circuit/A.bdf              ;         ;
; B.bdf                            ; yes             ; User Block Diagram/Schematic File  ; D:/hw_circuit/B.bdf              ;         ;
; C.bdf                            ; yes             ; User Block Diagram/Schematic File  ; D:/hw_circuit/C.bdf              ;         ;
; D.bdf                            ; yes             ; User Block Diagram/Schematic File  ; D:/hw_circuit/D.bdf              ;         ;
; E.bdf                            ; yes             ; User Block Diagram/Schematic File  ; D:/hw_circuit/E.bdf              ;         ;
; F.bdf                            ; yes             ; User Block Diagram/Schematic File  ; D:/hw_circuit/F.bdf              ;         ;
; G.bdf                            ; yes             ; User Block Diagram/Schematic File  ; D:/hw_circuit/G.bdf              ;         ;
; BCD.bdf                          ; yes             ; User Block Diagram/Schematic File  ; D:/hw_circuit/BCD.bdf            ;         ;
; my_dff.bdf                       ; yes             ; User Block Diagram/Schematic File  ; D:/hw_circuit/my_dff.bdf         ;         ;
; VD2_20.bdf                       ; yes             ; User Block Diagram/Schematic File  ; D:/hw_circuit/VD2_20.bdf         ;         ;
+----------------------------------+-----------------+------------------------------------+----------------------------------+---------+


+---------------------------------------------+
; Analysis & Synthesis Resource Usage Summary ;
+--------------------------+------------------+
; Resource                 ; Usage            ;
+--------------------------+------------------+
; I/O pins                 ; 8                ;
; DSP block 9-bit elements ; 0                ;
; Maximum fan-out node     ; CNT:inst|inst1   ;
; Maximum fan-out          ; 9                ;
; Total fan-out            ; 106              ;
; Average fan-out          ; 1.54             ;
+--------------------------+------------------+


+---------------------------------------------------------------------------------------------------------------------------------------------------------------------------------------------------------+
; Analysis & Synthesis Resource Utilization by Entity                                                                                                                                                     ;
+----------------------------+-------------------+--------------+-------------+--------------+---------+-----------+-----------+------+--------------+-------------------------------------+--------------+
; Compilation Hierarchy Node ; LC Combinationals ; LC Registers ; Memory Bits ; DSP Elements ; DSP 9x9 ; DSP 18x18 ; DSP 36x36 ; Pins ; Virtual Pins ; Full Hierarchy Name                 ; Library Name ;
+----------------------------+-------------------+--------------+-------------+--------------+---------+-----------+-----------+------+--------------+-------------------------------------+--------------+
; |counter                   ; 30 (0)            ; 23 (0)       ; 0           ; 0            ; 0       ; 0         ; 0         ; 8    ; 0            ; |counter                            ; work         ;
;    |BCD:inst2|             ; 5 (0)             ; 0 (0)        ; 0           ; 0            ; 0       ; 0         ; 0         ; 0    ; 0            ; |counter|BCD:inst2                  ; work         ;
;       |A:inst|             ; 1 (1)             ; 0 (0)        ; 0           ; 0            ; 0       ; 0         ; 0         ; 0    ; 0            ; |counter|BCD:inst2|A:inst           ; work         ;
;       |C:inst2|            ; 1 (1)             ; 0 (0)        ; 0           ; 0            ; 0       ; 0         ; 0         ; 0    ; 0            ; |counter|BCD:inst2|C:inst2          ; work         ;
;       |D:inst3|            ; 1 (1)             ; 0 (0)        ; 0           ; 0            ; 0       ; 0         ; 0         ; 0    ; 0            ; |counter|BCD:inst2|D:inst3          ; work         ;
;       |F:inst5|            ; 1 (1)             ; 0 (0)        ; 0           ; 0            ; 0       ; 0         ; 0         ; 0    ; 0            ; |counter|BCD:inst2|F:inst5          ; work         ;
;       |G:inst6|            ; 1 (1)             ; 0 (0)        ; 0           ; 0            ; 0       ; 0         ; 0         ; 0    ; 0            ; |counter|BCD:inst2|G:inst6          ; work         ;
;    |CNT:inst|              ; 4 (4)             ; 3 (3)        ; 0           ; 0            ; 0       ; 0         ; 0         ; 0    ; 0            ; |counter|CNT:inst                   ; work         ;
;    |VD2_20:inst3|          ; 20 (0)            ; 20 (0)       ; 0           ; 0            ; 0       ; 0         ; 0         ; 0    ; 0            ; |counter|VD2_20:inst3               ; work         ;
;       |my_dff:inst10|      ; 1 (1)             ; 1 (1)        ; 0           ; 0            ; 0       ; 0         ; 0         ; 0    ; 0            ; |counter|VD2_20:inst3|my_dff:inst10 ; work         ;
;       |my_dff:inst11|      ; 1 (1)             ; 1 (1)        ; 0           ; 0            ; 0       ; 0         ; 0         ; 0    ; 0            ; |counter|VD2_20:inst3|my_dff:inst11 ; work         ;
;       |my_dff:inst12|      ; 1 (1)             ; 1 (1)        ; 0           ; 0            ; 0       ; 0         ; 0         ; 0    ; 0            ; |counter|VD2_20:inst3|my_dff:inst12 ; work         ;
;       |my_dff:inst13|      ; 1 (1)             ; 1 (1)        ; 0           ; 0            ; 0       ; 0         ; 0         ; 0    ; 0            ; |counter|VD2_20:inst3|my_dff:inst13 ; work         ;
;       |my_dff:inst14|      ; 1 (1)             ; 1 (1)        ; 0           ; 0            ; 0       ; 0         ; 0         ; 0    ; 0            ; |counter|VD2_20:inst3|my_dff:inst14 ; work         ;
;       |my_dff:inst15|      ; 1 (1)             ; 1 (1)        ; 0           ; 0            ; 0       ; 0         ; 0         ; 0    ; 0            ; |counter|VD2_20:inst3|my_dff:inst15 ; work         ;
;       |my_dff:inst16|      ; 1 (1)             ; 1 (1)        ; 0           ; 0            ; 0       ; 0         ; 0         ; 0    ; 0            ; |counter|VD2_20:inst3|my_dff:inst16 ; work         ;
;       |my_dff:inst17|      ; 1 (1)             ; 1 (1)        ; 0           ; 0            ; 0       ; 0         ; 0         ; 0    ; 0            ; |counter|VD2_20:inst3|my_dff:inst17 ; work         ;
;       |my_dff:inst18|      ; 1 (1)             ; 1 (1)        ; 0           ; 0            ; 0       ; 0         ; 0         ; 0    ; 0            ; |counter|VD2_20:inst3|my_dff:inst18 ; work         ;
;       |my_dff:inst19|      ; 1 (1)             ; 1 (1)        ; 0           ; 0            ; 0       ; 0         ; 0         ; 0    ; 0            ; |counter|VD2_20:inst3|my_dff:inst19 ; work         ;
;       |my_dff:inst1|       ; 1 (1)             ; 1 (1)        ; 0           ; 0            ; 0       ; 0         ; 0         ; 0    ; 0            ; |counter|VD2_20:inst3|my_dff:inst1  ; work         ;
;       |my_dff:inst2|       ; 1 (1)             ; 1 (1)        ; 0           ; 0            ; 0       ; 0         ; 0         ; 0    ; 0            ; |counter|VD2_20:inst3|my_dff:inst2  ; work         ;
;       |my_dff:inst3|       ; 1 (1)             ; 1 (1)        ; 0           ; 0            ; 0       ; 0         ; 0         ; 0    ; 0            ; |counter|VD2_20:inst3|my_dff:inst3  ; work         ;
;       |my_dff:inst4|       ; 1 (1)             ; 1 (1)        ; 0           ; 0            ; 0       ; 0         ; 0         ; 0    ; 0            ; |counter|VD2_20:inst3|my_dff:inst4  ; work         ;
;       |my_dff:inst5|       ; 1 (1)             ; 1 (1)        ; 0           ; 0            ; 0       ; 0         ; 0         ; 0    ; 0            ; |counter|VD2_20:inst3|my_dff:inst5  ; work         ;
;       |my_dff:inst6|       ; 1 (1)             ; 1 (1)        ; 0           ; 0            ; 0       ; 0         ; 0         ; 0    ; 0            ; |counter|VD2_20:inst3|my_dff:inst6  ; work         ;
;       |my_dff:inst7|       ; 1 (1)             ; 1 (1)        ; 0           ; 0            ; 0       ; 0         ; 0         ; 0    ; 0            ; |counter|VD2_20:inst3|my_dff:inst7  ; work         ;
;       |my_dff:inst8|       ; 1 (1)             ; 1 (1)        ; 0           ; 0            ; 0       ; 0         ; 0         ; 0    ; 0            ; |counter|VD2_20:inst3|my_dff:inst8  ; work         ;
;       |my_dff:inst9|       ; 1 (1)             ; 1 (1)        ; 0           ; 0            ; 0       ; 0         ; 0         ; 0    ; 0            ; |counter|VD2_20:inst3|my_dff:inst9  ; work         ;
;       |my_dff:inst|        ; 1 (1)             ; 1 (1)        ; 0           ; 0            ; 0       ; 0         ; 0         ; 0    ; 0            ; |counter|VD2_20:inst3|my_dff:inst   ; work         ;
;    |decoder_20L274:inst1|  ; 1 (1)             ; 0 (0)        ; 0           ; 0            ; 0       ; 0         ; 0         ; 0    ; 0            ; |counter|decoder_20L274:inst1       ; work         ;
+----------------------------+-------------------+--------------+-------------+--------------+---------+-----------+-----------+------+--------------+-------------------------------------+--------------+
Note: For table entries with two numbers listed, the numbers in parentheses indicate the number of resources of the given type used by the specific entity alone. The numbers listed outside of parentheses indicate the total resources of the given type used by the specific entity and all of its sub-entities in the hierarchy.


+------------------------------------------------------+
; General Register Statistics                          ;
+----------------------------------------------+-------+
; Statistic                                    ; Value ;
+----------------------------------------------+-------+
; Total registers                              ; 23    ;
; Number of registers using Synchronous Clear  ; 0     ;
; Number of registers using Synchronous Load   ; 0     ;
; Number of registers using Asynchronous Clear ; 3     ;
; Number of registers using Asynchronous Load  ; 0     ;
; Number of registers using Clock Enable       ; 0     ;
; Number of registers using Preset             ; 0     ;
+----------------------------------------------+-------+


+-------------------------------+
; Elapsed Time Per Partition    ;
+----------------+--------------+
; Partition Name ; Elapsed Time ;
+----------------+--------------+
; Top            ; 00:00:00     ;
+----------------+--------------+


+-------------------------------+
; Analysis & Synthesis Messages ;
+-------------------------------+
Info: *******************************************************************
Info: Running Quartus II 64-Bit Analysis & Synthesis
    Info: Version 13.0.1 Build 232 06/12/2013 Service Pack 1 SJ Full Version
    Info: Processing started: Tue Mar 21 17:15:55 2023
Info: Command: quartus_map --read_settings_files=on --write_settings_files=off hw_circuit -c hw_circuit
Info (20030): Parallel compilation is enabled and will use 12 of the 12 processors detected
Info (12021): Found 1 design units, including 1 entities, in source file decoder_20l274.bdf
    Info (12023): Found entity 1: decoder_20L274
Info (12021): Found 1 design units, including 1 entities, in source file cnt.bdf
    Info (12023): Found entity 1: CNT
Info (12021): Found 1 design units, including 1 entities, in source file counter.bdf
    Info (12023): Found entity 1: counter
Info (12021): Found 1 design units, including 1 entities, in source file a.bdf
    Info (12023): Found entity 1: A
Info (12021): Found 1 design units, including 1 entities, in source file b.bdf
    Info (12023): Found entity 1: B
Info (12021): Found 1 design units, including 1 entities, in source file c.bdf
    Info (12023): Found entity 1: C
Info (12021): Found 1 design units, including 1 entities, in source file d.bdf
    Info (12023): Found entity 1: D
Info (12021): Found 1 design units, including 1 entities, in source file e.bdf
    Info (12023): Found entity 1: E
Info (12021): Found 1 design units, including 1 entities, in source file f.bdf
    Info (12023): Found entity 1: F
Info (12021): Found 1 design units, including 1 entities, in source file g.bdf
    Info (12023): Found entity 1: G
Info (12021): Found 1 design units, including 1 entities, in source file bcd.bdf
    Info (12023): Found entity 1: BCD
Info (12021): Found 1 design units, including 1 entities, in source file my_dff.bdf
    Info (12023): Found entity 1: my_dff
Info (12021): Found 1 design units, including 1 entities, in source file vd2_20.bdf
    Info (12023): Found entity 1: VD2_20
Info (12127): Elaborating entity "counter" for the top level hierarchy
Info (12128): Elaborating entity "BCD" for hierarchy "BCD:inst2"
Info (12128): Elaborating entity "A" for hierarchy "BCD:inst2|A:inst"
Info (12128): Elaborating entity "B" for hierarchy "BCD:inst2|B:inst1"
Info (12128): Elaborating entity "C" for hierarchy "BCD:inst2|C:inst2"
Info (12128): Elaborating entity "D" for hierarchy "BCD:inst2|D:inst3"
Info (12128): Elaborating entity "E" for hierarchy "BCD:inst2|E:inst4"
Warning (275011): Block or symbol "NAND2" of instance "inst30" overlaps another block or symbol
Info (12128): Elaborating entity "F" for hierarchy "BCD:inst2|F:inst5"
Info (12128): Elaborating entity "G" for hierarchy "BCD:inst2|G:inst6"
Info (12128): Elaborating entity "decoder_20L274" for hierarchy "decoder_20L274:inst1"
Warning (275011): Block or symbol "NAND2" of instance "inst4" overlaps another block or symbol
Info (12128): Elaborating entity "CNT" for hierarchy "CNT:inst"
Info (12128): Elaborating entity "VD2_20" for hierarchy "VD2_20:inst3"
Info (12128): Elaborating entity "my_dff" for hierarchy "VD2_20:inst3|my_dff:inst"
Warning (13024): Output pins are stuck at VCC or GND
    Warning (13410): Pin "B" is stuck at VCC
Info (286030): Timing-Driven Synthesis is running
Info (16010): Generating hard_block partition "hard_block:auto_generated_inst"
    Info (16011): Adding 0 node(s), including 0 DDIO, 0 PLL, 0 transceiver and 0 LCELL
Info (21057): Implemented 38 device resources after synthesis - the final resource count might be different
    Info (21058): Implemented 1 input pins
    Info (21059): Implemented 7 output pins
    Info (21061): Implemented 30 logic cells
Info: Quartus II 64-Bit Analysis & Synthesis was successful. 0 errors, 4 warnings
    Info: Peak virtual memory: 4687 megabytes
    Info: Processing ended: Tue Mar 21 17:15:57 2023
    Info: Elapsed time: 00:00:02
    Info: Total CPU time (on all processors): 00:00:01


